TN:
SF:saxproject/api.py
DA:3,1,7Z9Lj4ed27Wf2hBX6jooEA
DA:4,1,o7XN3CMj67n397EmDP0M3w
DA:6,1,U2ik9qSDH2d7FeAr/axzWQ
DA:7,1,ig3vTX/3PucUMch27px9tg
DA:8,1,39yOEeZJxGFrwUhNOoyxcQ
DA:9,1,SlBIM6a4zWaIYnuPBJXn4w
DA:10,1,015uI45lbkDD+52UjXxN4Q
DA:11,1,S3mi38W7/7xcLcXAg8L9/g
DA:13,1,7LTYsDl/Dvyky3DN74lN+Q
DA:14,1,OE4pme7VhJIVQWv1tbr7Yg
DA:17,1,eE0EN3FitkNyJK11VfjcpA
DA:18,1,JWklW72cPzoqo1lw4cwxIg
DA:19,1,StDEjsCjUQyX1ZCqg8atdQ
DA:21,1,pJuCPVTECvT2IBCblM0xDw
DA:25,1,Zn9o84iNcYjbAwULu8Xt/A
DA:27,1,QoZGd7PfcPKgniQlmwudNA
DA:29,1,KccDT9XTutRP6NxCt7vOAw
DA:31,1,K4DiwbdLU83rCHNW8XIOQQ
DA:32,1,Js+MIfimAWgKBoYfNLvwmA
DA:34,1,4oP+r8MZVyhOug5L6r5now
DA:35,1,3X2yse4g+9wNGdda/jW6SQ
DA:36,1,ZxUaIfOQKDUp0WkXJSoZ0A
DA:38,1,rAO2PvcRynWCSd8fQehpDw
DA:40,1,LMRuSknJaOwuDOZ9ikg12A
DA:41,1,fsZnC0Giv75Lrcka+fRVCQ
DA:43,1,D0VBHiBUSRWml8aFJJ3rAQ
DA:45,1,iKNUE59hcuuMxp2kSZQQrg
DA:47,1,hHMg3akb7K7+DEWUhR0DAA
DA:48,1,DJXMcddPMsdTxfAORLMDcw
DA:50,1,ogRYfQokVTy7LHHfNI1p0Q
DA:51,1,fa0QXmtrK4KRxrGoDbPw3A
DA:54,1,dT9RwVntXqKm/PnLZr+0Sw
DA:57,1,O1T8ryQgMVIV8qvFFxFaSQ
DA:58,1,cxS7AzZxGm3+N9idGLUPVQ
DA:59,1,xupOWmBlLi1I8ng8vHa8JQ
DA:60,1,JbbP6K8bZ756SK55bmLdvA
DA:62,1,bYkvrvdfY9dc2JMPkr+OGg
DA:64,1,Wnn8sebvVazrPEZOugDVDg
DA:65,1,7zq6I6dxND4A/217KjmL5w
DA:66,1,pxoOePWk1UjYJ676yaX0RQ
DA:68,1,JggHiWdBgSnRBerij+Je4w
DA:69,1,eLQV+tN6bg8rB+cTzDF0uw
DA:70,1,shiRMm+5VEpXOp0oV2XwLA
DA:71,1,u/2AO7SPTF1CHgScP62hqg
DA:72,1,SH87DDeOh82qfbMbyF69aQ
DA:74,1,m/lJvfAqp1BOoQympeCbPQ
DA:76,1,0uzqmrDoLRdUrnIoJqdF7Q
DA:77,1,hSYidyZ2dFCzBpwb/fgXwg
DA:79,1,TDALgov7H/4xeReDEuEw5w
DA:81,1,xjcDBnSwra0OiNOAYAwoHA
DA:82,1,cCUnBBAztG7F7rEG6K3KWA
DA:83,1,eP0hfUZGFqlU1JpwHoUYiQ
DA:84,1,EnQAfpNxx2JjqKyhqpkXNQ
DA:85,1,1JaaZURk1vbHrmJBqMSIkQ
DA:86,1,J5FR62HFf7IU6znl3ZkxQg
DA:87,1,yNn35SaHAWN2QE1ivR4W+w
DA:88,1,2wN3sk7J7UKO2asLKeN7Fw
DA:91,1,pjILgdkzRxHmmu0q/czcOg
DA:92,1,2wN3sk7J7UKO2asLKeN7Fw
DA:95,1,IMGR1fdPAX96gRgulqs8fw
DA:97,1,wbIWfKtDwRUOVTCOSIQrZA
DA:98,1,cCzhnT+1tmGi11b28Pmfwg
DA:99,1,u7v5M2iJO2SmcpuZphXdoA
DA:100,1,5J7zhOkmX8IlmSsjIqAIpQ
DA:102,1,lYXdbF6T49Suh5Czt6Mhew
DA:104,1,4GviYTGcbG4bYHsBtSd41Q
DA:106,1,MyciyrlvxjzpOEq+iiiCUQ
DA:107,1,MlbNrAY5RWUswpHhFJDHGA
DA:108,1,zTPtUh5Ls2DRm6cQV7679A
DA:109,1,5fYWguMZIQsOTpZz4k/hpg
DA:111,1,4lh5DrLmFB7hGd6ZSU6lbQ
DA:112,1,+z+jeT+NH+CshpVsBf8DYA
DA:115,1,Zw7Gs47GGylHkeIAIID9kQ
DA:117,1,PcSJpXNAJtKua0OhWmnJqA
DA:118,1,M65nRAbjYdKb+KMx5ajq1g
DA:120,1,+jjZGN21x1rG8A0qZP6TAA
DA:121,1,bNA4N+9D1HfJxbdDV4KVpA
DA:113,0,uj5799b5UU4fmPiAcgdC6w
LF:78
LH:77
end_of_record
TN:
SF:saxproject/middleware.py
DA:3,1,ig3vTX/3PucUMch27px9tg
DA:6,1,6N7CrxdE4b2oIOrHzszMHA
DA:7,1,t5d0FQPLawPgWbQqY1sbhQ
DA:8,1,cwRVjk6YInRdIMK4aTb2ng
DA:10,1,K4DiwbdLU83rCHNW8XIOQQ
DA:11,1,fsZnC0Giv75Lrcka+fRVCQ
DA:12,1,k40TSAr7eP4rCuGiXJ4nfA
DA:13,1,iKNUE59hcuuMxp2kSZQQrg
DA:15,1,HhZw2MHJUsI5lFvShkcGsQ
DA:16,1,1wl4Qd8snzOiQl3vrYZ3XQ
DA:18,1,9Fn01XHlmmBcwKAeusN7Vw
DA:21,1,+9kSMLq/UGs7ZgN7mh7LpQ
DA:24,1,0uzqmrDoLRdUrnIoJqdF7Q
DA:25,1,YjbGh2jpcFmzjQCvM3hsnw
DA:26,1,k40TSAr7eP4rCuGiXJ4nfA
DA:27,1,OxwwIsFcwMs1GkE6bEMowg
DA:29,1,4GviYTGcbG4bYHsBtSd41Q
DA:19,0,wWvyVCzDRWfTVXhFZNNl1w
DA:22,0,wWvyVCzDRWfTVXhFZNNl1w
LF:19
LH:17
end_of_record
TN:
SF:saxproject/orm.py
DA:1,1,o7XN3CMj67n397EmDP0M3w
DA:2,1,o5/LCdSH/UhWUAqxj+6fWA
DA:4,1,vPeP1beqcaIvfxvvkUImBQ
DA:13,1,RUsJa/iv9GnB6fiSdU1nPg
DA:14,1,v3/Jr3HT25uW3vcfo054+Q
DA:15,1,m2oRqMx53fAsrM7Eq/BEtg
DA:17,1,HmADa1g/W1C2Vo9Wm4sNNA
DA:18,1,GgdtsoNtMZ6sB7Y8fUYrbQ
DA:19,1,Sj8GqQs2FJPqld9e0QOj/w
DA:20,1,GLiFE1rJ/clwXzmmA99M7Q
DA:22,1,hLPsCl9rr8FZtQx+Ej0qVQ
DA:23,1,k0QCHuLFQPPe7Cpavf69Fw
DA:24,1,dTwaIYA8q382wvbYWOdHAA
DA:26,1,e7dCv3lQuBsQxePfPfTTiw
DA:27,1,/6DIGFpSrLy5YMZuYS6zWA
DA:28,1,lT+YCQkybfgcQvFyS7Zm8g
DA:29,1,dTwaIYA8q382wvbYWOdHAA
DA:30,1,yAOspFMgA+GHK00qK4MK+Q
DA:32,1,MIYkprAGhIDs9rjmp30D9w
DA:33,1,P242XVM7vIXaujlCdk1tOg
DA:35,1,H95GJtWQAVHDQZ+nCs/K2A
DA:36,1,ozIPZRfMScBcEdzgohla+w
DA:37,1,A3Sp3VBxjuhwJ8YptagJmw
DA:38,1,w/C8zc+X/Nvfmg5vEWbwlw
DA:39,1,JT+wqWNDhL2ZX4qgvPyAbg
DA:40,1,a9lfNVU0kb7n3hwdPeZ3qg
DA:41,1,cd63jpT3r7AY5uVQLsmYZA
DA:42,1,ugIUAGwDpUVI/84Cd4Tdfg
DA:43,1,l3/rEdq4txb2tlbAfYWGLg
DA:44,1,BmEoRERMeVKW3rXKI+uCmg
DA:46,1,cPa3dAsIk+eSRfSpgwNsyg
DA:48,1,otLObHKvCN+kz2fwbwI3YA
DA:49,1,NhK41Ab1qI64onrzoTKOXg
DA:51,1,iOVQAAqv9UQHe6T4L0gt5A
DA:52,1,RqHc+McEleHkqjjPDk8BwQ
DA:53,1,NDuOpIWEspUYngLpznK8tw
DA:56,1,k+qjfm/hlVpJTtyRWrgugw
DA:57,1,061bEhrJKs+a1IbzvWRF3A
DA:58,1,aPmSDImIsyEXSWp7T3On4g
DA:59,1,XBPksT/mifD90vsZZ9BogQ
DA:60,1,JFimgo6cMI8YE1zQ9pNmNQ
DA:61,1,jTXaDU4szZ3AztBd2mkv6g
DA:62,1,07JkvFFAKg03SXp6t1FXqQ
DA:64,1,AVbm+BKaeAzt9kdWthUUrQ
DA:66,1,hXy9b0eYr0LHoNp7UY5Uhg
DA:67,1,gpHBkFnmx9KZTeSnx/V/oA
DA:68,1,IvNL/w17ZmS3NqxuA/mHQw
DA:69,1,dTwaIYA8q382wvbYWOdHAA
DA:71,1,cLj48b6xCFrklRNEIqWavA
DA:72,1,FRGUdjp/bMbytge3TdzagQ
DA:73,1,+moVNyuHbYoInnnZzljhMQ
DA:74,1,dTwaIYA8q382wvbYWOdHAA
DA:77,1,WLhWi/TdKrowc26y7cmM2Q
DA:78,1,jt085UNNqdhzxz0PqFj94Q
DA:79,1,9Y7USUxiPNDq43xYD9PDbg
DA:83,1,w7F22dnc7SMOnfAnCO+Ttw
DA:84,1,gL45Q7G7ZZBNKJ6hX5yDkw
DA:86,1,Bt5SxlG0lj1QRy1TAnwArg
DA:87,1,aVmV8UPbkxH6gPOlPN3uCA
DA:88,1,6A+qNBlj6U3EkI05D3hAeg
DA:89,1,LZGCNh1uNfEtwgX9s7uCkw
DA:90,1,34VKdBlgmIsHWa7KsUgBgA
DA:92,1,X4cUQsKOfYQay6od0WhuWQ
DA:93,1,nWLfbjekjs9yHyw3qJQXtg
DA:94,1,JCjBzm8I0p4hg/IttGeAVw
DA:95,1,gL45Q7G7ZZBNKJ6hX5yDkw
DA:97,1,Nnqu9X+lU2lagW39QNhFWA
DA:98,1,bTQQb76VVPP3dN2TrCxq+Q
DA:99,1,tcJIZeLQ9hFSeRkEOJZJiA
DA:100,1,nAn+o9KpTB5ub3UCC0W1HA
DA:104,1,IyGQyI6iICaBlYyRmT8eGQ
DA:105,1,9A7lUowkQjmn+PkmSj+2ag
DA:106,1,7WeihjwYKghvmhzA644whg
DA:107,1,XfAfE3RDnyM+SWyEWDghJA
DA:108,1,qoH5d8TEKfT3PWJe1cQodQ
DA:110,1,q26owN9hlhkjXiO9ALZVDA
DA:111,1,3M2OVGUe+NO/Iq6rfK/VcQ
DA:112,1,fYoHI1SNzQ92MBfZsSnL2w
DA:114,1,0yrG6/IULo5TJKn1Laqprw
DA:115,1,MYGRptkCWapBQuXMtM/w4Q
DA:116,1,hNFF5LpKMcgq4m4z5uAS/A
DA:117,1,aZZTWwBKMy3tpASpbgthvA
DA:118,1,aYUB7uSfUM8zfUQzAMGqsA
DA:119,1,PR4Is+SKvq3keFCEs23vVw
DA:121,1,IyGQyI6iICaBlYyRmT8eGQ
DA:122,1,9A7lUowkQjmn+PkmSj+2ag
DA:123,1,787Honpn1BRBgRtAiaoiqg
DA:124,1,Yj5Roun3fU1W82KPQ3qn/A
DA:125,1,MWruOook/QYNUX8aCKRBNg
DA:126,1,XfAfE3RDnyM+SWyEWDghJA
DA:127,1,HMCuAFCXWYPRX5XoUk2GfA
DA:128,1,gyEuMZQ874M3x8Zq8zh4/A
DA:129,1,MWruOook/QYNUX8aCKRBNg
DA:131,1,5lQp6P/sGzQvmMEj3wWjRQ
DA:134,1,+WSC+KqQNOJfngfPsW/sNA
DA:136,1,Nnqu9X+lU2lagW39QNhFWA
DA:137,1,7vafFnMr85qvEG7rLtILnQ
DA:138,1,61eFK9w6pJRXXiQO8tp2tg
DA:140,1,1aYHc7roAmERmF/IHJYKvA
DA:141,1,IyGQyI6iICaBlYyRmT8eGQ
DA:142,1,9A7lUowkQjmn+PkmSj+2ag
DA:143,1,787Honpn1BRBgRtAiaoiqg
DA:144,1,nlT/JS86yRGIA4e3IiygeQ
DA:145,1,HMCuAFCXWYPRX5XoUk2GfA
DA:147,1,KtO7GlpNpy91TnH5SSgLYQ
DA:150,1,dHr9a7xnN3WYgi8li/NsNw
DA:152,1,Nnqu9X+lU2lagW39QNhFWA
DA:153,1,Jk5dSsxpiPwUs6h46uqfBw
DA:154,1,4MieDjrns/iSty72bKCNbg
DA:155,1,1aYHc7roAmERmF/IHJYKvA
DA:156,1,IyGQyI6iICaBlYyRmT8eGQ
DA:157,1,9A7lUowkQjmn+PkmSj+2ag
DA:158,1,787Honpn1BRBgRtAiaoiqg
DA:159,1,nlT/JS86yRGIA4e3IiygeQ
DA:160,1,HMCuAFCXWYPRX5XoUk2GfA
DA:162,1,fgccdwZnGFg29Ds99g1mdg
DA:164,1,IvcQE14jR81VLQAUZdzlWA
DA:166,1,C8yGiy9Tb6jCxQcpW4VeBQ
DA:168,1,JtFnoY9rP7JFzWKFEtH7XA
DA:169,1,8fYXILcoAFL8pSvIkunxlw
DA:170,1,hNFF5LpKMcgq4m4z5uAS/A
DA:171,1,aZZTWwBKMy3tpASpbgthvA
DA:172,1,PR4Is+SKvq3keFCEs23vVw
DA:174,1,IyGQyI6iICaBlYyRmT8eGQ
DA:175,1,9A7lUowkQjmn+PkmSj+2ag
DA:176,1,787Honpn1BRBgRtAiaoiqg
DA:177,1,Yj5Roun3fU1W82KPQ3qn/A
DA:178,1,XfAfE3RDnyM+SWyEWDghJA
DA:182,1,XoVRYXhWo0CWYjt0ga0+Ng
DA:184,1,SKahfEzzArDChcdpSvF/NQ
DA:189,1,+WSC+KqQNOJfngfPsW/sNA
DA:191,1,Nnqu9X+lU2lagW39QNhFWA
DA:192,1,fMCNYTQ5C4H7vOuU5ZHd+g
DA:193,1,A9lFsx6SDlpoYa/0x87EZg
DA:195,1,fygCbXwRp7HwnxILLHktUw
DA:197,1,uOXJFSJ6Hy7yrk86XcvtYw
DA:200,1,UzoTJSAlGqjAoPz1QaBKBA
DA:201,1,FWD6LzTCZuVc5sV77vu4kw
DA:202,1,8h2tT088JoKDFwBhTc4aHQ
DA:204,1,HmADa1g/W1C2Vo9Wm4sNNA
DA:205,1,VGMvSKhIWwLNIb8fnekvqg
DA:206,1,mrr+pT/jMZCkk6kGi/CgiA
DA:209,1,tE8fjUvtTSvVMfym3Ux1Xw
DA:210,1,zVelr2nyEoDoNVdmeDhsZQ
DA:211,1,P0JYS0PJ6DZACwALXBnqQQ
DA:179,0,HMCuAFCXWYPRX5XoUk2GfA
DA:180,0,gyEuMZQ874M3x8Zq8zh4/A
LF:147
LH:145
end_of_record
TN:
SF:saxproject/response.py
DA:3,1,OaTlemF3bXMi5MP7Db8vkQ
DA:5,1,oawXyPJgoEEyz+sYZstAeA
DA:8,1,qIW9zudSlL2WLLUIjKAQmw
DA:9,1,gFdnwIzxJ64X+nD2UauP7A
DA:10,1,GkgW9zGVwHzcHJYSA4yn+Q
DA:11,1,U5bwnHW5AkHq3QbbcnsuFg
DA:12,1,DcC34ZxOM9X22q+rpWySOg
DA:13,1,ega1w4WTiBTmFw6qFdAS8A
DA:14,1,uUTlDAgY+LOqCeG3opAt7g
DA:15,1,BQsFkrU6pMEshsovhmZZtA
DA:16,1,4tqIh3CbMp2m5SJtqnmwLg
DA:17,1,dB0LvV8F0br2EoqDgujpbA
DA:19,1,K4DiwbdLU83rCHNW8XIOQQ
DA:20,1,2zfHciRESJcwFVpj2FpTgQ
DA:22,1,wXYn+iHqE9Ftyr8Cg5dVwA
DA:28,1,iKNUE59hcuuMxp2kSZQQrg
DA:30,1,vPo8Y1fl9MhUPdmDmCK5zQ
DA:31,1,JCSYAPfORAerE4tINICmXQ
DA:32,1,XV75gS77zsn3rk9QViJsLA
DA:33,1,eL+l2XBqrseU1j0sJdb3rg
DA:35,1,G6dFlRFf4dVGAWUIPSJbhw
DA:36,1,IUApNu8aPiyp3uZxHhKvAA
DA:37,1,25qMAodW+/AnvWGrcwXzOA
DA:39,1,4AhbBeOqKLrPkjgiHXYPQg
DA:40,1,qPjy6zqCJ/ddtfUYsnlQhQ
DA:41,1,c+i+LXBRaPMCEgthULY6WA
DA:43,1,4TXOadQhW/aw5EElqy105g
DA:44,0,zuvVQIwzHZ7hPBEaeSFXYw
DA:45,0,zzysNhlT138lzmjQCh5/vg
LF:29
LH:27
end_of_record
